This is XeTeX, Version 3.14159265-2.6-0.999991 (MiKTeX 2.9.7250) (preloaded format=xelatex 2020.2.11)  7 OCT 2021 12:56
entering extended mode
**./McKee-CV.tex
(McKee-CV.tex
LaTeX2e <2020-02-02> patch level 1
L3 programming layer <2020-02-08> (deedy-resume.cls
Document Class: deedy-resume 2014/04/30 CV class

("/Users/clifmckee/Library/Application Support/MiKTeX/texmfs/install/tex/latex/
base/article.cls"
Document Class: article 2019/12/20 v1.4l Standard LaTeX document class

("/Users/clifmckee/Library/Application Support/MiKTeX/texmfs/install/tex/latex/
base/size10.clo"
File: size10.clo 2019/12/20 v1.4l Standard LaTeX file (size option)
)
\c@part=\count163
\c@section=\count164
\c@subsection=\count165
\c@subsubsection=\count166
\c@paragraph=\count167
\c@subparagraph=\count168
\c@figure=\count169
\c@table=\count170
\abovecaptionskip=\skip47
\belowcaptionskip=\skip48
\bibindent=\dimen134
)
("/Users/clifmckee/Library/Application Support/MiKTeX/texmfs/install/tex/latex/
geometry/geometry.sty"
Package: geometry 2020/01/02 v5.9 Page Geometry

("/Users/clifmckee/Library/Application Support/MiKTeX/texmfs/install/tex/latex/
graphics/keyval.sty"
Package: keyval 2014/10/28 v1.15 key=value parser (DPC)
\KV@toks@=\toks14
)
("/Users/clifmckee/Library/Application Support/MiKTeX/texmfs/install/tex/generi
c/iftex/ifvtex.sty"
Package: ifvtex 2019/10/25 v1.7 ifvtex legacy package. Use iftex instead.

("/Users/clifmckee/Library/Application Support/MiKTeX/texmfs/install/tex/generi
c/iftex/iftex.sty"
Package: iftex 2019/11/07 v1.0c TeX engine tests
))
\Gm@cnth=\count171
\Gm@cntv=\count172
\c@Gm@tempcnt=\count173
\Gm@bindingoffset=\dimen135
\Gm@wd@mp=\dimen136
\Gm@odd@mp=\dimen137
\Gm@even@mp=\dimen138
\Gm@layoutwidth=\dimen139
\Gm@layoutheight=\dimen140
\Gm@layouthoffset=\dimen141
\Gm@layoutvoffset=\dimen142
\Gm@dimlist=\toks15

("/Users/clifmckee/Library/Application Support/MiKTeX/texmfs/install/tex/xelate
x/xetexconfig/geometry.cfg"))
("/Users/clifmckee/Library/Application Support/MiKTeX/texmfs/install/tex/latex/
hyperref/hyperref.sty"
Package: hyperref 2020/01/14 v7.00d Hypertext links for LaTeX

("/Users/clifmckee/Library/Application Support/MiKTeX/texmfs/install/tex/generi
c/ltxcmds/ltxcmds.sty"
Package: ltxcmds 2019/12/15 v1.24 LaTeX kernel commands for general use (HO)
)
("/Users/clifmckee/Library/Application Support/MiKTeX/texmfs/install/tex/latex/
pdftexcmds/pdftexcmds.sty"
Package: pdftexcmds 2019/11/24 v0.31 Utility functions of pdfTeX for LuaTeX (HO
)

("/Users/clifmckee/Library/Application Support/MiKTeX/texmfs/install/tex/generi
c/infwarerr/infwarerr.sty"
Package: infwarerr 2019/12/03 v1.5 Providing info/warning/error messages (HO)
)
Package pdftexcmds Info: \pdf@primitive is available.
Package pdftexcmds Info: \pdf@ifprimitive is available.
Package pdftexcmds Info: \pdfdraftmode not found.
)
("/Users/clifmckee/Library/Application Support/MiKTeX/texmfs/install/tex/generi
c/kvsetkeys/kvsetkeys.sty"
Package: kvsetkeys 2019/12/15 v1.18 Key value parser (HO)
)
("/Users/clifmckee/Library/Application Support/MiKTeX/texmfs/install/tex/generi
c/kvdefinekeys/kvdefinekeys.sty"
Package: kvdefinekeys 2019-12-19 v1.6 Define keys (HO)
)
("/Users/clifmckee/Library/Application Support/MiKTeX/texmfs/install/tex/generi
c/pdfescape/pdfescape.sty"
Package: pdfescape 2019/12/09 v1.15 Implements pdfTeX's escape features (HO)
)
("/Users/clifmckee/Library/Application Support/MiKTeX/texmfs/install/tex/latex/
hycolor/hycolor.sty"
Package: hycolor 2020-01-27 v1.10 Color options for hyperref/bookmark (HO)
)
("/Users/clifmckee/Library/Application Support/MiKTeX/texmfs/install/tex/latex/
letltxmacro/letltxmacro.sty"
Package: letltxmacro 2019/12/03 v1.6 Let assignment for LaTeX macros (HO)
)
("/Users/clifmckee/Library/Application Support/MiKTeX/texmfs/install/tex/latex/
auxhook/auxhook.sty"
Package: auxhook 2019-12-17 v1.6 Hooks for auxiliary files (HO)
)
("/Users/clifmckee/Library/Application Support/MiKTeX/texmfs/install/tex/latex/
kvoptions/kvoptions.sty"
Package: kvoptions 2019/11/29 v3.13 Key value format for package options (HO)
)
\@linkdim=\dimen143
\Hy@linkcounter=\count174
\Hy@pagecounter=\count175

("/Users/clifmckee/Library/Application Support/MiKTeX/texmfs/install/tex/latex/
hyperref/pd1enc.def"
File: pd1enc.def 2020/01/14 v7.00d Hyperref: PDFDocEncoding definition (HO)
)
("/Users/clifmckee/Library/Application Support/MiKTeX/texmfs/install/tex/generi
c/intcalc/intcalc.sty"
Package: intcalc 2019/12/15 v1.3 Expandable calculations with integers (HO)
)
("/Users/clifmckee/Library/Application Support/MiKTeX/texmfs/install/tex/generi
c/etexcmds/etexcmds.sty"
Package: etexcmds 2019/12/15 v1.7 Avoid name clashes with e-TeX commands (HO)
)
\Hy@SavedSpaceFactor=\count176
Package hyperref Info: Hyper figures OFF on input line 4547.
Package hyperref Info: Link nesting OFF on input line 4552.
Package hyperref Info: Hyper index ON on input line 4555.
Package hyperref Info: Plain pages OFF on input line 4562.
Package hyperref Info: Backreferencing OFF on input line 4567.
Package hyperref Info: Implicit mode ON; LaTeX internals redefined.
Package hyperref Info: Bookmarks ON on input line 4800.
\c@Hy@tempcnt=\count177

("/Users/clifmckee/Library/Application Support/MiKTeX/texmfs/install/tex/latex/
url/url.sty"
\Urlmuskip=\muskip16
Package: url 2013/09/16  ver 3.4  Verb mode for urls, etc.
)
LaTeX Info: Redefining \url on input line 5159.
\XeTeXLinkMargin=\dimen144

("/Users/clifmckee/Library/Application Support/MiKTeX/texmfs/install/tex/generi
c/bitset/bitset.sty"
Package: bitset 2019/12/09 v1.3 Handle bit-vector datatype (HO)

("/Users/clifmckee/Library/Application Support/MiKTeX/texmfs/install/tex/generi
c/bigintcalc/bigintcalc.sty"
Package: bigintcalc 2019/12/15 v1.5 Expandable calculations on big integers (HO
)
))
\Fld@menulength=\count178
\Field@Width=\dimen145
\Fld@charsize=\dimen146
Package hyperref Info: Hyper figures OFF on input line 6430.
Package hyperref Info: Link nesting OFF on input line 6435.
Package hyperref Info: Hyper index ON on input line 6438.
Package hyperref Info: backreferencing OFF on input line 6445.
Package hyperref Info: Link coloring OFF on input line 6450.
Package hyperref Info: Link coloring with OCG OFF on input line 6455.
Package hyperref Info: PDF/A mode OFF on input line 6460.
LaTeX Info: Redefining \ref on input line 6500.
LaTeX Info: Redefining \pageref on input line 6504.

("/Users/clifmckee/Library/Application Support/MiKTeX/texmfs/install/tex/generi
c/atbegshi/atbegshi.sty"
Package: atbegshi 2019/12/05 v1.19 At begin shipout hook (HO)
)
\Hy@abspage=\count179
\c@Item=\count180
\c@Hfootnote=\count181
)
Package hyperref Info: Driver (autodetected): hxetex.

("/Users/clifmckee/Library/Application Support/MiKTeX/texmfs/install/tex/latex/
hyperref/hxetex.def"
File: hxetex.def 2020/01/14 v7.00d Hyperref driver for XeTeX

("/Users/clifmckee/Library/Application Support/MiKTeX/texmfs/install/tex/latex/
hyperref/puenc.def"
File: puenc.def 2020/01/14 v7.00d Hyperref: PDF Unicode definition (HO)
)
("/Users/clifmckee/Library/Application Support/MiKTeX/texmfs/install/tex/generi
c/stringenc/stringenc.sty"
Package: stringenc 2019/11/29 v1.12 Convert strings between diff. encodings (HO
)
)
\pdfm@box=\box45
\c@Hy@AnnotLevel=\count182
\HyField@AnnotCount=\count183
\Fld@listcount=\count184
\c@bookmark@seq@number=\count185

("/Users/clifmckee/Library/Application Support/MiKTeX/texmfs/install/tex/latex/
rerunfilecheck/rerunfilecheck.sty"
Package: rerunfilecheck 2019/12/05 v1.9 Rerun checks for auxiliary files (HO)

("/Users/clifmckee/Library/Application Support/MiKTeX/texmfs/install/tex/latex/
atveryend/atveryend.sty"
Package: atveryend 2019-12-11 v1.11 Hooks at the very end of document (HO)
Package atveryend Info: \enddocument detected (standard20110627).
)
("/Users/clifmckee/Library/Application Support/MiKTeX/texmfs/install/tex/generi
c/uniquecounter/uniquecounter.sty"
Package: uniquecounter 2019/12/15 v1.4 Provide unlimited unique counter (HO)
)
Package uniquecounter Info: New unique counter `rerunfilecheck' on input line 2
86.
)
\Hy@SectionHShift=\skip49
)
("/Users/clifmckee/Library/Application Support/MiKTeX/texmfs/install/tex/latex/
xcolor/xcolor.sty"
Package: xcolor 2016/05/11 v2.12 LaTeX color extensions (UK)

("/Users/clifmckee/Library/Application Support/MiKTeX/texmfs/install/tex/latex/
graphics-cfg/color.cfg"
File: color.cfg 2016/01/02 v1.6 sample color configuration
)
Package xcolor Info: Package option `usenames' ignored on input line 216.
Package xcolor Info: Driver file: xetex.def on input line 225.

("/Users/clifmckee/Library/Application Support/MiKTeX/texmfs/install/tex/latex/
graphics-def/xetex.def"
File: xetex.def 2017/06/24 v5.0h Graphics/color driver for xetex
)
Package xcolor Info: Model `cmy' substituted by `cmy0' on input line 1348.
Package xcolor Info: Model `RGB' extended on input line 1364.
Package xcolor Info: Model `HTML' substituted by `rgb' on input line 1366.
Package xcolor Info: Model `Hsb' substituted by `hsb' on input line 1367.
Package xcolor Info: Model `tHsb' substituted by `hsb' on input line 1368.
Package xcolor Info: Model `HSB' substituted by `hsb' on input line 1369.
Package xcolor Info: Model `Gray' substituted by `gray' on input line 1370.
Package xcolor Info: Model `wave' substituted by `hsb' on input line 1371.

("/Users/clifmckee/Library/Application Support/MiKTeX/texmfs/install/tex/latex/
graphics/dvipsnam.def"
File: dvipsnam.def 2016/06/17 v3.0m Driver-dependent file (DPC,SPQR)
))
("/Users/clifmckee/Library/Application Support/MiKTeX/texmfs/install/tex/latex/
fontspec/fontspec.sty"
("/Users/clifmckee/Library/Application Support/MiKTeX/texmfs/install/tex/latex/
l3packages/xparse/xparse.sty"
("/Users/clifmckee/Library/Application Support/MiKTeX/texmfs/install/tex/latex/
l3kernel/expl3.sty"
Package: expl3 2020-02-08 L3 programming layer (loader) 

("/Users/clifmckee/Library/Application Support/MiKTeX/texmfs/install/tex/latex/
l3backend/l3backend-xdvipdfmx.def"
File: l3backend-xdvipdfmx.def 2020-02-03 L3 backend support: xdvipdfmx
\g__graphics_track_int=\count186
\l__pdf_internal_box=\box46
\g__pdf_backend_object_int=\count187
\g__pdf_backend_annotation_int=\count188
))
Package: xparse 2020-02-08 L3 Experimental document command parser
\l__xparse_current_arg_int=\count189
\g__xparse_grabber_int=\count190
\l__xparse_m_args_int=\count191
\l__xparse_v_nesting_int=\count192
)
Package: fontspec 2020/02/03 v2.7h Font selection for XeLaTeX and LuaLaTeX

("/Users/clifmckee/Library/Application Support/MiKTeX/texmfs/install/tex/latex/
fontspec/fontspec-xetex.sty"
Package: fontspec-xetex 2020/02/03 v2.7h Font selection for XeLaTeX and LuaLaTe
X
\l__fontspec_script_int=\count193
\l__fontspec_language_int=\count194
\l__fontspec_strnum_int=\count195
\l__fontspec_tmp_int=\count196
\l__fontspec_tmpa_int=\count197
\l__fontspec_tmpb_int=\count198
\l__fontspec_tmpc_int=\count199
\l__fontspec_em_int=\count266
\l__fontspec_emdef_int=\count267
\l__fontspec_strong_int=\count268
\l__fontspec_strongdef_int=\count269
\l__fontspec_tmpa_dim=\dimen147
\l__fontspec_tmpb_dim=\dimen148
\l__fontspec_tmpc_dim=\dimen149

("/Users/clifmckee/Library/Application Support/MiKTeX/texmfs/install/tex/latex/
base/fontenc.sty"
Package: fontenc 2020/01/25 v2.0m Standard LaTeX package
)
("/Users/clifmckee/Library/Application Support/MiKTeX/texmfs/install/tex/latex/
fontspec/fontspec.cfg")))

Package fontspec Info: Font family 'Lato-Lig(0)' created for font 'Lato-Lig'
(fontspec)             with options [Ligatures=TeX,Path =
(fontspec)             fonts/lato/,BoldItalicFont=Lato-RegIta,BoldFont=Lato-Reg
,ItalicFont=Lato-LigIta].
(fontspec)              
(fontspec)              This font family consists of the following NFSS
(fontspec)             series/shapes:
(fontspec)              
(fontspec)             - 'normal' (m/n) with NFSS spec.:
(fontspec)             <->"[fonts/lato/Lato-Lig]/OT:script=latn;language=dflt;m
apping=tex-text;"
(fontspec)             - 'small caps'  (m/sc) with NFSS spec.: 
(fontspec)             - 'bold' (b/n) with NFSS spec.:
(fontspec)             <->"[fonts/lato/Lato-Reg]/OT:script=latn;language=dflt;m
apping=tex-text;"
(fontspec)             - 'bold small caps'  (b/sc) with NFSS spec.: 
(fontspec)             - 'italic' (m/it) with NFSS spec.:
(fontspec)             <->"[fonts/lato/Lato-LigIta]/OT:script=latn;language=dfl
t;mapping=tex-text;"
(fontspec)             - 'italic small caps'  (m/scit) with NFSS spec.: 
(fontspec)             - 'bold italic' (b/it) with NFSS spec.:
(fontspec)             <->"[fonts/lato/Lato-RegIta]/OT:script=latn;language=dfl
t;mapping=tex-text;"
(fontspec)             - 'bold italic small caps'  (b/scit) with NFSS spec.: 


Package fontspec Info: Raleway-ExtraLight scale = 0.9567296970550606.


Package fontspec Info: Raleway-ExtraLight scale = 0.9567296970550606.


Package fontspec Info: Raleway-ExtraLight scale = 0.9567296970550606.


Package fontspec Info: Font family 'Raleway-ExtraLight(0)' created for font
(fontspec)             'Raleway-ExtraLight' with options
(fontspec)             [Ligatures=TeX,Scale=MatchLowercase,Mapping=tex-text,Pat
h
(fontspec)             = fonts/raleway/].
(fontspec)              
(fontspec)              This font family consists of the following NFSS
(fontspec)             series/shapes:
(fontspec)              
(fontspec)             - 'normal' (m/n) with NFSS spec.:
(fontspec)             <->s*[0.9567296970550606]"[fonts/raleway/Raleway-ExtraLi
ght]/OT:script=latn;language=dflt;mapping=tex-text;"
(fontspec)             - 'small caps'  (m/sc) with NFSS spec.:
(fontspec)             <->s*[0.9567296970550606]"[fonts/raleway/Raleway-ExtraLi
ght]/OT:script=latn;language=dflt;+smcp;mapping=tex-text;"


("/Users/clifmckee/Library/Application Support/MiKTeX/texmfs/install/tex/latex/
textpos/textpos.sty"
Package: textpos 2019/04/15 v1.9.1

Package: textpos 2019/04/15 1.9.1, absolute positioning of text on the page

("/Users/clifmckee/Library/Application Support/MiKTeX/texmfs/install/tex/latex/
ms/everyshi.sty"
Package: everyshi 2001/05/15 v3.00 EveryShipout Package (MS)
)
\TP@textbox=\box47
\TP@holdbox=\box48
\TPHorizModule=\dimen150
\TPVertModule=\dimen151
\TP@margin=\dimen152
\TP@absmargin=\dimen153

Grid set 16 x 16 = 38.39343pt x 49.68562pt
\TPboxrulesize=\dimen154
\TP@ox=\dimen155
\TP@oy=\dimen156
\TP@tbargs=\toks16
\TP@prevdepth=\dimen157
TextBlockOrigin set to 0pt x 0pt
)
("/Users/clifmckee/Library/Application Support/MiKTeX/texmfs/install/tex/latex/
isodate/isodate.sty"
Package: isodate 2010/01/03 v2.30 Print dates with different formats (HH)

("/Users/clifmckee/Library/Application Support/MiKTeX/texmfs/install/tex/latex/
base/ifthen.sty"
Package: ifthen 2014/09/29 v1.1c Standard LaTeX ifthen package (DPC)
)
("/Users/clifmckee/Library/Application Support/MiKTeX/texmfs/install/tex/latex/
substr/substr.sty"
Package: substr 2009/10/20 v1.2 Handle substrings
\c@su@anzahl=\count270
)
("/Users/clifmckee/Library/Application Support/MiKTeX/texmfs/install/tex/latex/
isodate/english.idf"
File: english.idf 2010/01/03 v2.30 Language definitions for isodate package (HH
)

Define commands for English date format
)
\c@iso@tmpmonth=\count271
\c@iso@yeartwo=\count272
\c@iso@slash=\count273
\c@iso@minus=\count274
\c@iso@dot=\count275
\c@iso@@slash=\count276
\c@iso@@minus=\count277
\c@iso@@dot=\count278
)
("/Users/clifmckee/Library/Application Support/MiKTeX/texmfs/install/tex/latex/
titlesec/titlesec.sty"
Package: titlesec 2019/10/16 v2.13 Sectioning titles
\ttl@box=\box49
\beforetitleunit=\skip50
\aftertitleunit=\skip51
\ttl@plus=\dimen158
\ttl@minus=\dimen159
\ttl@toksa=\toks17
\titlewidth=\dimen160
\titlewidthlast=\dimen161
\titlewidthfirst=\dimen162
))
("/Users/clifmckee/Library/Application Support/MiKTeX/texmfs/install/tex/latex/
tools/array.sty"
Package: array 2019/08/31 v2.4l Tabular extension package (FMi)
\col@sep=\dimen163
\ar@mcellbox=\box50
\extrarowheight=\dimen164
\NC@list=\toks18
\extratabsurround=\skip52
\backup@length=\skip53
\ar@cellbox=\box51
)
("/Users/clifmckee/Library/Application Support/MiKTeX/texmfs/install/tex/latex/
marvosym/marvosym.sty"
Package: marvosym 2011/07/20 v2.2 Martin Vogel's Symbols font definitions
) (McKee-CV.aux)
\openout1 = `McKee-CV.aux'.

LaTeX Font Info:    Checking defaults for OML/cmm/m/it on input line 28.
LaTeX Font Info:    ... okay on input line 28.
LaTeX Font Info:    Checking defaults for OMS/cmsy/m/n on input line 28.
LaTeX Font Info:    ... okay on input line 28.
LaTeX Font Info:    Checking defaults for OT1/cmr/m/n on input line 28.
LaTeX Font Info:    ... okay on input line 28.
LaTeX Font Info:    Checking defaults for T1/cmr/m/n on input line 28.
LaTeX Font Info:    ... okay on input line 28.
LaTeX Font Info:    Checking defaults for TS1/cmr/m/n on input line 28.
LaTeX Font Info:    Trying to load font information for TS1+cmr on input line 2
8.

("/Users/clifmckee/Library/Application Support/MiKTeX/texmfs/install/tex/latex/
base/ts1cmr.fd"
File: ts1cmr.fd 2019/12/16 v2.5j Standard LaTeX font definitions
)
LaTeX Font Info:    ... okay on input line 28.
LaTeX Font Info:    Checking defaults for TU/lmr/m/n on input line 28.
LaTeX Font Info:    ... okay on input line 28.
LaTeX Font Info:    Checking defaults for OMX/cmex/m/n on input line 28.
LaTeX Font Info:    ... okay on input line 28.
LaTeX Font Info:    Checking defaults for U/cmr/m/n on input line 28.
LaTeX Font Info:    ... okay on input line 28.
LaTeX Font Info:    Checking defaults for PD1/pdf/m/n on input line 28.
LaTeX Font Info:    ... okay on input line 28.
LaTeX Font Info:    Checking defaults for PU/pdf/m/n on input line 28.
LaTeX Font Info:    ... okay on input line 28.

*geometry* detected driver: pdftex
*geometry* verbose mode - [ preamble ] result:
* driver: pdftex
* paper: letterpaper
* layout: <same size as paper>
* layoutoffset:(h,v)=(0.0pt,0.0pt)
* modes: 
* h-part:(L,W,R)=(35.56593pt, 543.16313pt, 35.56593pt)
* v-part:(T,H,B)=(21.33955pt, 752.29088pt, 21.33955pt)
* \paperwidth=614.295pt
* \paperheight=794.96999pt
* \textwidth=543.16313pt
* \textheight=752.29088pt
* \oddsidemargin=-36.70406pt
* \evensidemargin=-36.70406pt
* \topmargin=-87.93044pt
* \headheight=12.0pt
* \headsep=25.0pt
* \topskip=10.0pt
* \footskip=30.0pt
* \marginparwidth=65.0pt
* \marginparsep=11.0pt
* \columnsep=10.0pt
* \skip\footins=9.0pt plus 4.0pt minus 2.0pt
* \hoffset=0.0pt
* \voffset=0.0pt
* \mag=1000
* \@twocolumnfalse
* \@twosidefalse
* \@mparswitchfalse
* \@reversemarginfalse
* (1in=72.27pt=25.4mm, 1cm=28.453pt)

\AtBeginShipoutBox=\box52
Package hyperref Info: Link coloring OFF on input line 28.

("/Users/clifmckee/Library/Application Support/MiKTeX/texmfs/install/tex/latex/
hyperref/nameref.sty"
Package: nameref 2019/09/16 v2.46 Cross-referencing by name of section

("/Users/clifmckee/Library/Application Support/MiKTeX/texmfs/install/tex/latex/
refcount/refcount.sty"
Package: refcount 2019/12/15 v3.6 Data extraction from label references (HO)
)
("/Users/clifmckee/Library/Application Support/MiKTeX/texmfs/install/tex/generi
c/gettitlestring/gettitlestring.sty"
Package: gettitlestring 2019/12/15 v1.6 Cleanup title references (HO)
)
\c@section@level=\count279
)
LaTeX Info: Redefining \ref on input line 28.
LaTeX Info: Redefining \pageref on input line 28.
LaTeX Info: Redefining \nameref on input line 28.
 (McKee-CV.out) (McKee-CV.out)
\@outlinefile=\write3
\openout3 = `McKee-CV.out'.


Package fontspec Info: Adjusting the maths setup (use [no-math] to avoid
(fontspec)             this).

\symlegacymaths=\mathgroup4
LaTeX Font Info:    Overwriting symbol font `legacymaths' in version `bold'
(Font)                  OT1/cmr/m/n --> OT1/cmr/bx/n on input line 28.
LaTeX Font Info:    Redeclaring math accent \acute on input line 28.
LaTeX Font Info:    Redeclaring math accent \grave on input line 28.
LaTeX Font Info:    Redeclaring math accent \ddot on input line 28.
LaTeX Font Info:    Redeclaring math accent \tilde on input line 28.
LaTeX Font Info:    Redeclaring math accent \bar on input line 28.
LaTeX Font Info:    Redeclaring math accent \breve on input line 28.
LaTeX Font Info:    Redeclaring math accent \check on input line 28.
LaTeX Font Info:    Redeclaring math accent \hat on input line 28.
LaTeX Font Info:    Redeclaring math accent \dot on input line 28.
LaTeX Font Info:    Redeclaring math accent \mathring on input line 28.
LaTeX Font Info:    Redeclaring math symbol \colon on input line 28.
LaTeX Font Info:    Redeclaring math symbol \Gamma on input line 28.
LaTeX Font Info:    Redeclaring math symbol \Delta on input line 28.
LaTeX Font Info:    Redeclaring math symbol \Theta on input line 28.
LaTeX Font Info:    Redeclaring math symbol \Lambda on input line 28.
LaTeX Font Info:    Redeclaring math symbol \Xi on input line 28.
LaTeX Font Info:    Redeclaring math symbol \Pi on input line 28.
LaTeX Font Info:    Redeclaring math symbol \Sigma on input line 28.
LaTeX Font Info:    Redeclaring math symbol \Upsilon on input line 28.
LaTeX Font Info:    Redeclaring math symbol \Phi on input line 28.
LaTeX Font Info:    Redeclaring math symbol \Psi on input line 28.
LaTeX Font Info:    Redeclaring math symbol \Omega on input line 28.
LaTeX Font Info:    Redeclaring math symbol \mathdollar on input line 28.
LaTeX Font Info:    Redeclaring symbol font `operators' on input line 28.
LaTeX Font Info:    Encoding `OT1' has changed to `TU' for symbol font
(Font)              `operators' in the math version `normal' on input line 28.
LaTeX Font Info:    Overwriting symbol font `operators' in version `normal'
(Font)                  OT1/cmr/m/n --> TU/Lato-Lig(0)/m/n on input line 28.
LaTeX Font Info:    Encoding `OT1' has changed to `TU' for symbol font
(Font)              `operators' in the math version `bold' on input line 28.
LaTeX Font Info:    Overwriting symbol font `operators' in version `bold'
(Font)                  OT1/cmr/bx/n --> TU/Lato-Lig(0)/m/n on input line 28.
LaTeX Font Info:    Overwriting symbol font `operators' in version `normal'
(Font)                  TU/Lato-Lig(0)/m/n --> TU/Lato-Lig(0)/m/n on input line
 28.
LaTeX Font Info:    Overwriting math alphabet `\mathit' in version `normal'
(Font)                  OT1/cmr/m/it --> TU/Lato-Lig(0)/m/it on input line 28.
LaTeX Font Info:    Overwriting math alphabet `\mathbf' in version `normal'
(Font)                  OT1/cmr/bx/n --> TU/Lato-Lig(0)/b/n on input line 28.
LaTeX Font Info:    Overwriting math alphabet `\mathsf' in version `normal'
(Font)                  OT1/cmss/m/n --> TU/Raleway-ExtraLight(0)/m/n on input 
line 28.
LaTeX Font Info:    Overwriting math alphabet `\mathtt' in version `normal'
(Font)                  OT1/cmtt/m/n --> TU/lmtt/m/n on input line 28.
LaTeX Font Info:    Overwriting symbol font `operators' in version `bold'
(Font)                  TU/Lato-Lig(0)/m/n --> TU/Lato-Lig(0)/b/n on input line
 28.
LaTeX Font Info:    Overwriting math alphabet `\mathit' in version `bold'
(Font)                  OT1/cmr/bx/it --> TU/Lato-Lig(0)/b/it on input line 28.

LaTeX Font Info:    Overwriting math alphabet `\mathsf' in version `bold'
(Font)                  OT1/cmss/bx/n --> TU/Raleway-ExtraLight(0)/b/n on input
 line 28.
LaTeX Font Info:    Overwriting math alphabet `\mathtt' in version `bold'
(Font)                  OT1/cmtt/m/n --> TU/lmtt/b/n on input line 28.

ABD: EveryShipout initializing macros
isodate: babel.sty, (n)german.sty have not been loaded

Package fontspec Info: Font family 'Raleway-ExtraLight(1)' created for font
(fontspec)             'Raleway-ExtraLight' with options [Path =
(fontspec)             fonts/raleway/].
(fontspec)              
(fontspec)              This font family consists of the following NFSS
(fontspec)             series/shapes:
(fontspec)              
(fontspec)             - 'normal' (m/n) with NFSS spec.:
(fontspec)             <->"[fonts/raleway/Raleway-ExtraLight]/OT:script=latn;la
nguage=dflt;"
(fontspec)             - 'small caps'  (m/sc) with NFSS spec.:
(fontspec)             <->"[fonts/raleway/Raleway-ExtraLight]/OT:script=latn;la
nguage=dflt;+smcp;"


Package fontspec Info: Font family 'Lato-Hai(0)' created for font 'Lato-Hai'
(fontspec)             with options [Path = fonts/lato/].
(fontspec)              
(fontspec)              This font family consists of the following NFSS
(fontspec)             series/shapes:
(fontspec)              
(fontspec)             - 'normal' (m/n) with NFSS spec.:
(fontspec)             <->"[fonts/lato/Lato-Hai]/OT:script=latn;language=dflt;"

(fontspec)             - 'small caps'  (m/sc) with NFSS spec.: 


Package fontspec Info: Font family 'Lato-Lig(1)' created for font 'Lato-Lig'
(fontspec)             with options [Path = fonts/lato/].
(fontspec)              
(fontspec)              This font family consists of the following NFSS
(fontspec)             series/shapes:
(fontspec)              
(fontspec)             - 'normal' (m/n) with NFSS spec.:
(fontspec)             <->"[fonts/lato/Lato-Lig]/OT:script=latn;language=dflt;"

(fontspec)             - 'small caps'  (m/sc) with NFSS spec.: 


Package fontspec Info: Font family 'Raleway-Medium(0)' created for font
(fontspec)             'Raleway-Medium' with options [Path = fonts/raleway/].
(fontspec)              
(fontspec)              This font family consists of the following NFSS
(fontspec)             series/shapes:
(fontspec)              
(fontspec)             - 'normal' (m/n) with NFSS spec.:
(fontspec)             <->"[fonts/raleway/Raleway-Medium]/OT:script=latn;langua
ge=dflt;"
(fontspec)             - 'small caps'  (m/sc) with NFSS spec.:
(fontspec)             <->"[fonts/raleway/Raleway-Medium]/OT:script=latn;langua
ge=dflt;+smcp;"

LaTeX Font Info:    External font `cmex10' loaded for size
(Font)              <7> on input line 44.
LaTeX Font Info:    External font `cmex10' loaded for size
(Font)              <5> on input line 44.
LaTeX Font Info:    Trying to load font information for U+mvs on input line 44.


("/Users/clifmckee/Library/Application Support/MiKTeX/texmfs/install/tex/latex/
marvosym/umvs.fd")

LaTeX Font Warning: Font shape `TU/Lato-Lig(0)/m/sc' undefined
(Font)              using `TU/Lato-Lig(0)/m/n' instead on input line 51.


LaTeX Font Warning: Font shape `TU/Lato-Lig(1)/m/sc' undefined
(Font)              using `TU/Lato-Lig(1)/m/n' instead on input line 51.


("/Users/clifmckee/Library/Application Support/MiKTeX/texmfs/install/tex/generi
c/stringenc/se-ascii-print.def"
File: se-ascii-print.def 2019/11/29 v1.12 stringenc: Printable ASCII characters

)
LaTeX Font Info:    Calculating math sizes for size <16> on input line 95.


LaTeX Font Warning: Font shape `OML/cmm/m/it' in size <16> not available
(Font)              size <17.28> substituted on input line 95.


LaTeX Font Warning: Font shape `OMS/cmsy/m/n' in size <16> not available
(Font)              size <17.28> substituted on input line 95.

LaTeX Font Info:    External font `cmex10' loaded for size
(Font)              <16> on input line 95.
LaTeX Font Info:    External font `cmex10' loaded for size
(Font)              <11.19995> on input line 95.
LaTeX Font Info:    External font `cmex10' loaded for size
(Font)              <8> on input line 95.

LaTeX Font Warning: Font shape `OT1/cmr/m/n' in size <16> not available
(Font)              size <17.28> substituted on input line 95.


Package hyperref Warning: Token not allowed in a PDF string (Unicode):
(hyperref)                removing `math shift' on input line 95.


Package hyperref Warning: Token not allowed in a PDF string (Unicode):
(hyperref)                removing `\cdot' on input line 95.


Package hyperref Warning: Token not allowed in a PDF string (Unicode):
(hyperref)                removing `math shift' on input line 95.


Package hyperref Warning: Token not allowed in a PDF string (Unicode):
(hyperref)                removing `math shift' on input line 95.


Package hyperref Warning: Token not allowed in a PDF string (Unicode):
(hyperref)                removing `\cdot' on input line 95.


Package hyperref Warning: Token not allowed in a PDF string (Unicode):
(hyperref)                removing `math shift' on input line 95.


Underfull \hbox (badness 3872) in paragraph at lines 155--156
[]|\TU/Lato-Lig(0)/b/n/10 McKee CD\TU/Lato-Lig(0)/m/sc/10 , Kosoy MY, Bai Y, Os
ikowicz LM, Franka R, Gilbert AT, Boonmar S, Rupprecht CE, Pe-
 []

[1

] [2] [3]
Package atveryend Info: Empty hook `BeforeClearDocument' on input line 352.
 [4]
Package atveryend Info: Empty hook `AfterLastShipout' on input line 352.
 (McKee-CV.aux)
Package atveryend Info: Empty hook `AtVeryEndDocument' on input line 352.
Package atveryend Info: Executing hook `AtEndAfterFileList' on input line 352.
Package rerunfilecheck Info: File `McKee-CV.out' has not changed.
(rerunfilecheck)             Checksum: B9C72C5010E71EDAB4EBDA1DB2371479;792.


LaTeX Font Warning: Size substitutions with differences
(Font)              up to 1.28pt have occurred.


LaTeX Font Warning: Some font shapes were not available, defaults substituted.

Package atveryend Info: Empty hook `AtVeryVeryEnd' on input line 352.
 ) 
Here is how much of TeX's memory you used:
 12606 strings out of 414621
 236671 string characters out of 2903557
 570479 words of memory out of 3000000
 29566 multiletter control sequences out of 15000+200000
 536157 words of font info for 72 fonts, out of 3000000 for 9000
 1348 hyphenation exceptions out of 8191
 54i,12n,120p,503b,340s stack positions out of 5000i,500n,10000p,200000b,50000s

Output written on McKee-CV.pdf (4 pages).
